<!doctype html>
<html lang="">
<head>
    <meta charset="UTF-8">
    <meta name="viewport"
          content="width=device-width, user-scalable=no, initial-scale=1.0, maximum-scale=1.0, minimum-scale=1.0">
    <meta http-equiv="X-UA-Compatible" content="ie=edge">
    <title>Test Results Report - APIAutomationATB6x</title>

    <link href="reportng.css" rel="stylesheet" type="text/css"/>
</head>
<body>
<div id="meta">
Generated by <a href="http://www.testng.org" target="_blank">TestNG</a> with <a href="https://github.com/testng-team/reportng" target="_blank">ReportNG</a>
at 01:11 IST on Tuesday 20 August 2024
    <br/><span
    id="systemInfo">Raviteja@DESKTOP-O5IQMLA&nbsp;/&nbsp;Java 22.0.1 (Oracle Corporation)&nbsp;/&nbsp;Windows 11 10.0 (amd64)</span>
</div>
<h1>APIAutomationATB6x</h1>

<p>
    <a href="index.html">Suites</a>
        &#183; <a href="output.html">Log Output</a>
</p>

<p>Test duration
    : 2.536s</p>


    <table class="resultsTable">
        <tr>
            <th colspan="3" class="header failed">Failed Tests</th>
        </tr>
            <tr>
                <td class="group" colspan="3">com.thetestingacademy.tests.crud.testCreateBookingPOST</td>
            </tr>
    <tr>
        <td class="method">
                testCreateBooking
        </td>
        <td class="duration">
            1.777s
        </td>
        <td class="result">
            <!-- Display the dependencies for skipped test methods -->


            <!-- Show logger output for the test -->

                <a href="javascript:toggleElement('exception-0', 'block')"
                   title="Click to expand/collapse">
                    <b>com.google.gson.JsonSyntaxException: java.lang.IllegalStateException: Expected BEGIN_OBJECT but was STRING at line 1 column 1 path $<br/>
See https://github.com/google/gson/blob/main/Troubleshooting.md#unexpected-json-structure</b>
                </a>
                <br/>
                <div class="stackTrace" id="exception-0">
                        com.google.gson.internal.bind.ReflectiveTypeAdapterFactory$Adapter.read(ReflectiveTypeAdapterFactory.java:520)<br/>
                        com.google.gson.Gson.fromJson(Gson.java:1361)<br/>
                        com.google.gson.Gson.fromJson(Gson.java:1262)<br/>
                        com.google.gson.Gson.fromJson(Gson.java:1171)<br/>
                        com.google.gson.Gson.fromJson(Gson.java:1107)<br/>
                        com.thetestingacademy.modules.PayloadManager.bookingResponseJava(PayloadManager.java:46)<br/>
                        com.thetestingacademy.tests.crud.testCreateBookingPOST.testCreateBooking(testCreateBookingPOST.java:32)<br/>
                        java.base/jdk.internal.reflect.DirectMethodHandleAccessor.invoke(DirectMethodHandleAccessor.java:103)<br/>
                        java.base/java.lang.reflect.Method.invoke(Method.java:580)<br/>
                        org.testng.internal.invokers.MethodInvocationHelper.invokeMethod(MethodInvocationHelper.java:141)<br/>
                        org.testng.internal.invokers.TestInvoker.invokeMethod(TestInvoker.java:686)<br/>
                        org.testng.internal.invokers.TestInvoker.invokeTestMethod(TestInvoker.java:230)<br/>
                        org.testng.internal.invokers.MethodRunner.runInSequence(MethodRunner.java:63)<br/>
                        org.testng.internal.invokers.TestInvoker$MethodInvocationAgent.invoke(TestInvoker.java:992)<br/>
                        org.testng.internal.invokers.TestInvoker.invokeTestMethods(TestInvoker.java:203)<br/>
                        org.testng.internal.invokers.TestMethodWorker.invokeTestMethods(TestMethodWorker.java:154)<br/>
                        org.testng.internal.invokers.TestMethodWorker.run(TestMethodWorker.java:134)<br/>
                        java.base/java.util.ArrayList.forEach(ArrayList.java:1597)<br/>
                        org.testng.TestRunner.privateRun(TestRunner.java:739)<br/>
                        org.testng.TestRunner.run(TestRunner.java:614)<br/>
                        org.testng.SuiteRunner.runTest(SuiteRunner.java:421)<br/>
                        org.testng.SuiteRunner.runSequentially(SuiteRunner.java:413)<br/>
                        org.testng.SuiteRunner.privateRun(SuiteRunner.java:373)<br/>
                        org.testng.SuiteRunner.run(SuiteRunner.java:312)<br/>
                        org.testng.SuiteRunnerWorker.runSuite(SuiteRunnerWorker.java:52)<br/>
                        org.testng.SuiteRunnerWorker.run(SuiteRunnerWorker.java:95)<br/>
                        org.testng.TestNG.runSuitesSequentially(TestNG.java:1274)<br/>
                        org.testng.TestNG.runSuitesLocally(TestNG.java:1208)<br/>
                        org.testng.TestNG.runSuites(TestNG.java:1112)<br/>
                        org.testng.TestNG.run(TestNG.java:1079)<br/>
                        com.intellij.rt.testng.IDEARemoteTestNG.run(IDEARemoteTestNG.java:65)<br/>
                        com.intellij.rt.testng.RemoteTestNGStarter.main(RemoteTestNGStarter.java:105)<br/>
                        <b>Caused by: </b>
                        <a href="javascript:toggleElement('exception-1', 'block')"
                           title="Click to expand/collapse">
                            java.lang.IllegalStateException: Expected BEGIN_OBJECT but was STRING at line 1 column 1 path $<br/>
See https://github.com/google/gson/blob/main/Troubleshooting.md#unexpected-json-structure
                        </a>
                        <br/>
                        <div class="stackTrace" id="exception-1">
                                com.google.gson.stream.JsonReader.unexpectedTokenError(JsonReader.java:1768)<br/>
                                com.google.gson.stream.JsonReader.beginObject(JsonReader.java:469)<br/>
                                com.google.gson.internal.bind.ReflectiveTypeAdapterFactory$Adapter.read(ReflectiveTypeAdapterFactory.java:509)<br/>
                                com.google.gson.Gson.fromJson(Gson.java:1361)<br/>
                                com.google.gson.Gson.fromJson(Gson.java:1262)<br/>
                                com.google.gson.Gson.fromJson(Gson.java:1171)<br/>
                                com.google.gson.Gson.fromJson(Gson.java:1107)<br/>
                                com.thetestingacademy.modules.PayloadManager.bookingResponseJava(PayloadManager.java:46)<br/>
                                com.thetestingacademy.tests.crud.testCreateBookingPOST.testCreateBooking(testCreateBookingPOST.java:32)<br/>
                                java.base/jdk.internal.reflect.DirectMethodHandleAccessor.invoke(DirectMethodHandleAccessor.java:103)<br/>
                                java.base/java.lang.reflect.Method.invoke(Method.java:580)<br/>
                                org.testng.internal.invokers.MethodInvocationHelper.invokeMethod(MethodInvocationHelper.java:141)<br/>
                                org.testng.internal.invokers.TestInvoker.invokeMethod(TestInvoker.java:686)<br/>
                                org.testng.internal.invokers.TestInvoker.invokeTestMethod(TestInvoker.java:230)<br/>
                                org.testng.internal.invokers.MethodRunner.runInSequence(MethodRunner.java:63)<br/>
                                org.testng.internal.invokers.TestInvoker$MethodInvocationAgent.invoke(TestInvoker.java:992)<br/>
                                org.testng.internal.invokers.TestInvoker.invokeTestMethods(TestInvoker.java:203)<br/>
                                org.testng.internal.invokers.TestMethodWorker.invokeTestMethods(TestMethodWorker.java:154)<br/>
                                org.testng.internal.invokers.TestMethodWorker.run(TestMethodWorker.java:134)<br/>
                                java.base/java.util.ArrayList.forEach(ArrayList.java:1597)<br/>
                                org.testng.TestRunner.privateRun(TestRunner.java:739)<br/>
                                org.testng.TestRunner.run(TestRunner.java:614)<br/>
                                org.testng.SuiteRunner.runTest(SuiteRunner.java:421)<br/>
                                org.testng.SuiteRunner.runSequentially(SuiteRunner.java:413)<br/>
                                org.testng.SuiteRunner.privateRun(SuiteRunner.java:373)<br/>
                                org.testng.SuiteRunner.run(SuiteRunner.java:312)<br/>
                                org.testng.SuiteRunnerWorker.runSuite(SuiteRunnerWorker.java:52)<br/>
                                org.testng.SuiteRunnerWorker.run(SuiteRunnerWorker.java:95)<br/>
                                org.testng.TestNG.runSuitesSequentially(TestNG.java:1274)<br/>
                                org.testng.TestNG.runSuitesLocally(TestNG.java:1208)<br/>
                                org.testng.TestNG.runSuites(TestNG.java:1112)<br/>
                                org.testng.TestNG.run(TestNG.java:1079)<br/>
                                com.intellij.rt.testng.IDEARemoteTestNG.run(IDEARemoteTestNG.java:65)<br/>
                                com.intellij.rt.testng.RemoteTestNGStarter.main(RemoteTestNGStarter.java:105)<br/>
                        </div>
                </div>
        </td>
    </tr>
    </table>



<script type="text/javascript" src="reportng.js"></script>
</body>
